2015/04/15 11:17:52 [error] [exception.CHttpException.404] exception 'CHttpException' with message 'Unable to resolve the request "favicon.ico".' in /var/www/aal2/common/lib/yii/framework/web/CWebApplication.php:286
Stack trace:
#0 /var/www/aal2/common/lib/yii/framework/web/CWebApplication.php(141): CWebApplication->runController('favicon.ico')
#1 /var/www/aal2/common/lib/yii/framework/base/CApplication.php(184): CWebApplication->processRequest()
#2 /var/www/aal2/frontend/www/index.php(14): CApplication->run()
#3 {main}
REQUEST_URI=/favicon.ico
---
2015/04/15 13:28:54 [error] [php] include(WebUser.php): failed to open stream: No such file or directory (/var/www/aal2/common/lib/yii/framework/YiiBase.php:432)
Stack trace:
#0 unknown(0): spl_autoload_call()
#1 /var/www/aal2/common/lib/yii/framework/YiiBase.php(303): class_exists()
#2 /var/www/aal2/common/lib/yii/framework/YiiBase.php(196): import()
#3 /var/www/aal2/common/lib/yii/framework/base/CModule.php(393): createComponent()
#4 /var/www/aal2/common/lib/yii/framework/base/CModule.php(103): FrontendWebApplication->getComponent()
#5 /var/www/aal2/frontend/views/site/contact.php(14): FrontendWebApplication->__get()
#6 /var/www/aal2/common/lib/yii/framework/web/CBaseController.php(126): require()
#7 /var/www/aal2/common/lib/yii/framework/web/CBaseController.php(95): SiteController->renderInternal()
#8 /var/www/aal2/common/lib/yii/framework/web/CController.php(869): SiteController->renderFile()
#9 /var/www/aal2/common/lib/yii/framework/web/CController.php(782): SiteController->renderPartial()
#10 /var/www/aal2/frontend/controllers/SiteController.php(73): SiteController->render()
#11 /var/www/aal2/common/lib/yii/framework/web/actions/CInlineAction.php(49): SiteController->actionContact()
#12 /var/www/aal2/common/lib/yii/framework/web/CController.php(308): CInlineAction->runWithParams()
#13 /var/www/aal2/common/lib/yii/framework/web/CController.php(286): SiteController->runAction()
#14 /var/www/aal2/common/lib/yii/framework/web/CController.php(265): SiteController->runActionWithFilters()
#15 /var/www/aal2/common/lib/yii/framework/web/CWebApplication.php(282): SiteController->run()
#16 /var/www/aal2/common/lib/yii/framework/web/CWebApplication.php(141): FrontendWebApplication->runController()
#17 /var/www/aal2/common/lib/yii/framework/base/CApplication.php(184): FrontendWebApplication->processRequest()
#18 /var/www/aal2/frontend/www/index.php(12): FrontendWebApplication->run()
REQUEST_URI=/site/contact
in /var/www/aal2/frontend/views/site/contact.php (14)
in /var/www/aal2/frontend/controllers/SiteController.php (73)
in /var/www/aal2/frontend/www/index.php (12)
2015/04/15 13:28:55 [error] [php] include(WebUser.php): failed to open stream: No such file or directory (/var/www/aal2/common/lib/yii/framework/YiiBase.php:432)
Stack trace:
#0 unknown(0): spl_autoload_call()
#1 /var/www/aal2/common/lib/yii/framework/YiiBase.php(303): class_exists()
#2 /var/www/aal2/common/lib/yii/framework/YiiBase.php(196): import()
#3 /var/www/aal2/common/lib/yii/framework/base/CModule.php(393): createComponent()
#4 /var/www/aal2/common/lib/yii/framework/base/CModule.php(103): FrontendWebApplication->getComponent()
#5 /var/www/aal2/frontend/views/layouts/main.php(35): FrontendWebApplication->__get()
#6 /var/www/aal2/common/lib/yii/framework/web/CBaseController.php(126): require()
#7 /var/www/aal2/common/lib/yii/framework/web/CBaseController.php(95): SiteController->renderInternal()
#8 /var/www/aal2/common/lib/yii/framework/web/widgets/CContentDecorator.php(76): SiteController->renderFile()
#9 /var/www/aal2/common/lib/yii/framework/web/widgets/CContentDecorator.php(54): CContentDecorator->decorate()
#10 /var/www/aal2/common/lib/yii/framework/web/widgets/COutputProcessor.php(44): CContentDecorator->processOutput()
#11 /var/www/aal2/common/lib/yii/framework/web/CBaseController.php(214): CContentDecorator->run()
#12 /var/www/aal2/common/lib/yii/framework/web/CBaseController.php(308): SiteController->endWidget()
#13 /var/www/aal2/frontend/views/layouts/column1.php(6): SiteController->endContent()
#14 /var/www/aal2/common/lib/yii/framework/web/CBaseController.php(126): require()
#15 /var/www/aal2/common/lib/yii/framework/web/CBaseController.php(95): SiteController->renderInternal()
#16 /var/www/aal2/common/lib/yii/framework/web/CController.php(784): SiteController->renderFile()
#17 /var/www/aal2/common/lib/yii/framework/web/actions/CViewAction.php(140): SiteController->render()
#18 /var/www/aal2/common/lib/yii/framework/web/actions/CAction.php(76): CViewAction->run()
#19 /var/www/aal2/common/lib/yii/framework/web/CController.php(308): CViewAction->runWithParams()
#20 /var/www/aal2/common/lib/yii/framework/web/CController.php(286): SiteController->runAction()
#21 /var/www/aal2/common/lib/yii/framework/web/CController.php(265): SiteController->runActionWithFilters()
#22 /var/www/aal2/common/lib/yii/framework/web/CWebApplication.php(282): SiteController->run()
#23 /var/www/aal2/common/lib/yii/framework/web/CWebApplication.php(141): FrontendWebApplication->runController()
#24 /var/www/aal2/common/lib/yii/framework/base/CApplication.php(184): FrontendWebApplication->processRequest()
#25 /var/www/aal2/frontend/www/index.php(12): FrontendWebApplication->run()
REQUEST_URI=/site/page?view=about
in /var/www/aal2/frontend/views/layouts/main.php (35)
in /var/www/aal2/frontend/views/layouts/column1.php (6)
in /var/www/aal2/frontend/www/index.php (12)
2015/04/15 13:35:00 [error] [system.db.CDbCommand] CDbCommand::execute() failed: SQLSTATE[42S02]: Base table or view not found: 1146 Table 'starting.sessions' doesn't exist. The SQL statement executed was: DELETE FROM `sessions` WHERE expire<:expire.
in /var/www/aal2/frontend/views/layouts/main.php (35)
in /var/www/aal2/frontend/views/layouts/column1.php (6)
in /var/www/aal2/frontend/www/index.php (12)
2015/04/15 15:07:24 [error] [exception.CException] exception 'CException' with message 'Alias "bootstrap.components.Booster" is invalid. Make sure it points to an existing PHP file and the file is readable.' in /var/www/aal2/common/lib/yii/framework/YiiBase.php:323
Stack trace:
#0 /var/www/aal2/common/lib/yii/framework/YiiBase.php(196): YiiBase::import('bootstrap.compo...', true)
#1 /var/www/aal2/common/lib/yii/framework/base/CModule.php(393): YiiBase::createComponent(Array)
#2 /var/www/aal2/common/lib/yii/framework/base/CModule.php(530): CModule->getComponent('bootstrap')
#3 /var/www/aal2/common/lib/yii/framework/base/CApplication.php(167): CModule->preloadComponents()
#4 /var/www/aal2/common/lib/yii/framework/YiiBase.php(125): CApplication->__construct('/var/www/aal2/f...')
#5 /var/www/aal2/frontend/www/index.php(12): YiiBase::createApplication('FrontendWebAppl...', '/var/www/aal2/f...')
#6 {main}
REQUEST_URI=/site/page?view=about
HTTP_REFERER=http://aal2/site/contact
---
2015/04/15 16:32:36 [error] [exception.CException] exception 'CException' with message 'Theme directory "/var/www/aal2/frontend/www/themes" does not exist.' in /var/www/aal2/common/lib/yii/framework/web/CThemeManager.php:110
Stack trace:
#0 /var/www/aal2/common/lib/yii/framework/web/CThemeManager.php(98): CThemeManager->setBasePath('/var/www/aal2/f...')
#1 /var/www/aal2/common/lib/yii/framework/web/CThemeManager.php(60): CThemeManager->getBasePath()
#2 /var/www/aal2/common/lib/yii/framework/web/CWebApplication.php(257): CThemeManager->getTheme('bootstrap')
#3 /var/www/aal2/common/lib/yii/framework/web/CController.php(586): CWebApplication->getTheme()
#4 /var/www/aal2/common/lib/yii/framework/web/CController.php(867): CController->getViewFile('login')
#5 /var/www/aal2/common/lib/yii/framework/web/CController.php(782): CController->renderPartial('login', Array, true)
#6 /var/www/aal2/frontend/controllers/SiteController.php(99): CController->render('login', Array)
#7 /var/www/aal2/common/lib/yii/framework/web/actions/CInlineAction.php(49): SiteController->actionLogin()
#8 /var/www/aal2/common/lib/yii/framework/web/CController.php(308): CInlineAction->runWithParams(Array)
#9 /var/www/aal2/common/lib/yii/framework/web/CController.php(286): CController->runAction(Object(CInlineAction))
#10 /var/www/aal2/common/lib/yii/framework/web/CController.php(265): CController->runActionWithFilters(Object(CInlineAction), Array)
#11 /var/www/aal2/common/lib/yii/framework/web/CWebApplication.php(282): CController->run('login')
#12 /var/www/aal2/common/lib/yii/framework/web/CWebApplication.php(141): CWebApplication->runController('site/login')
#13 /var/www/aal2/common/lib/yii/framework/base/CApplication.php(184): CWebApplication->processRequest()
#14 /var/www/aal2/frontend/www/index.php(12): CApplication->run()
#15 {main}
REQUEST_URI=/site/login
HTTP_REFERER=http://aal2/site/contact
---
2015/04/15 16:36:07 [error] [exception.CException] exception 'CException' with message 'Theme directory "/var/www/aal2/frontendthemes" does not exist.' in /var/www/aal2/common/lib/yii/framework/web/CThemeManager.php:110
Stack trace:
#0 /var/www/aal2/common/lib/yii/framework/base/CComponent.php(152): CThemeManager->setBasePath('/var/www/aal2/f...')
#1 /var/www/aal2/common/lib/yii/framework/YiiBase.php(220): CComponent->__set('basePath', '/var/www/aal2/f...')
#2 /var/www/aal2/common/lib/yii/framework/base/CModule.php(393): YiiBase::createComponent(Array)
#3 /var/www/aal2/common/lib/yii/framework/web/CWebApplication.php(248): CModule->getComponent('themeManager')
#4 /var/www/aal2/common/lib/yii/framework/web/CWebApplication.php(257): CWebApplication->getThemeManager()
#5 /var/www/aal2/common/lib/yii/framework/web/CController.php(586): CWebApplication->getTheme()
#6 /var/www/aal2/common/lib/yii/framework/web/CController.php(867): CController->getViewFile('login')
#7 /var/www/aal2/common/lib/yii/framework/web/CController.php(782): CController->renderPartial('login', Array, true)
#8 /var/www/aal2/frontend/controllers/SiteController.php(99): CController->render('login', Array)
#9 /var/www/aal2/common/lib/yii/framework/web/actions/CInlineAction.php(49): SiteController->actionLogin()
#10 /var/www/aal2/common/lib/yii/framework/web/CController.php(308): CInlineAction->runWithParams(Array)
#11 /var/www/aal2/common/lib/yii/framework/web/CController.php(286): CController->runAction(Object(CInlineAction))
#12 /var/www/aal2/common/lib/yii/framework/web/CController.php(265): CController->runActionWithFilters(Object(CInlineAction), Array)
#13 /var/www/aal2/common/lib/yii/framework/web/CWebApplication.php(282): CController->run('login')
#14 /var/www/aal2/common/lib/yii/framework/web/CWebApplication.php(141): CWebApplication->runController('site/login')
#15 /var/www/aal2/common/lib/yii/framework/base/CApplication.php(184): CWebApplication->processRequest()
#16 /var/www/aal2/frontend/www/index.php(12): CApplication->run()
#17 {main}
REQUEST_URI=/site/login
HTTP_REFERER=http://aal2/site/contact
---
2015/04/15 16:36:18 [error] [exception.CHttpException.404] exception 'CHttpException' with message 'Unable to resolve the request "themes/bootstrap/css/bootstrap.min.css".' in /var/www/aal2/common/lib/yii/framework/web/CWebApplication.php:286
Stack trace:
#0 /var/www/aal2/common/lib/yii/framework/web/CWebApplication.php(141): CWebApplication->runController('themes/bootstra...')
#1 /var/www/aal2/common/lib/yii/framework/base/CApplication.php(184): CWebApplication->processRequest()
#2 /var/www/aal2/frontend/www/index.php(12): CApplication->run()
#3 {main}
REQUEST_URI=/themes/bootstrap/css/bootstrap.min.css
HTTP_REFERER=http://aal2/site/login
---
2015/04/15 16:36:44 [error] [exception.CHttpException.404] exception 'CHttpException' with message 'Unable to resolve the request "themes/bootstrap/css/bootstrap.min.css".' in /var/www/aal2/common/lib/yii/framework/web/CWebApplication.php:286
Stack trace:
#0 /var/www/aal2/common/lib/yii/framework/web/CWebApplication.php(141): CWebApplication->runController('themes/bootstra...')
#1 /var/www/aal2/common/lib/yii/framework/base/CApplication.php(184): CWebApplication->processRequest()
#2 /var/www/aal2/frontend/www/index.php(12): CApplication->run()
#3 {main}
REQUEST_URI=/themes/bootstrap/css/bootstrap.min.css
HTTP_REFERER=http://aal2/site/contact
---
2015/04/15 16:36:46 [error] [exception.CHttpException.404] exception 'CHttpException' with message 'Unable to resolve the request "themes/bootstrap/css/bootstrap.min.css".' in /var/www/aal2/common/lib/yii/framework/web/CWebApplication.php:286
Stack trace:
#0 /var/www/aal2/common/lib/yii/framework/web/CWebApplication.php(141): CWebApplication->runController('themes/bootstra...')
#1 /var/www/aal2/common/lib/yii/framework/base/CApplication.php(184): CWebApplication->processRequest()
#2 /var/www/aal2/frontend/www/index.php(12): CApplication->run()
#3 {main}
REQUEST_URI=/themes/bootstrap/css/bootstrap.min.css
HTTP_REFERER=http://aal2/site/page?view=about
---
2015/04/15 16:36:47 [error] [exception.CHttpException.404] exception 'CHttpException' with message 'Unable to resolve the request "themes/bootstrap/css/bootstrap.min.css".' in /var/www/aal2/common/lib/yii/framework/web/CWebApplication.php:286
Stack trace:
#0 /var/www/aal2/common/lib/yii/framework/web/CWebApplication.php(141): CWebApplication->runController('themes/bootstra...')
#1 /var/www/aal2/common/lib/yii/framework/base/CApplication.php(184): CWebApplication->processRequest()
#2 /var/www/aal2/frontend/www/index.php(12): CApplication->run()
#3 {main}
REQUEST_URI=/themes/bootstrap/css/bootstrap.min.css
HTTP_REFERER=http://aal2/site/index
---
2015/04/15 16:37:10 [error] [exception.CHttpException.404] exception 'CHttpException' with message 'Unable to resolve the request "themes/bootstrap/css/bootstrap.min.css".' in /var/www/aal2/common/lib/yii/framework/web/CWebApplication.php:286
Stack trace:
#0 /var/www/aal2/common/lib/yii/framework/web/CWebApplication.php(141): CWebApplication->runController('themes/bootstra...')
#1 /var/www/aal2/common/lib/yii/framework/base/CApplication.php(184): CWebApplication->processRequest()
#2 /var/www/aal2/frontend/www/index.php(12): CApplication->run()
#3 {main}
REQUEST_URI=/themes/bootstrap/css/bootstrap.min.css
HTTP_REFERER=http://aal2/site/contact
---
2015/04/15 16:37:16 [error] [exception.CHttpException.404] exception 'CHttpException' with message 'Unable to resolve the request "themes/bootstrap/css/bootstrap.min.css".' in /var/www/aal2/common/lib/yii/framework/web/CWebApplication.php:286
Stack trace:
#0 /var/www/aal2/common/lib/yii/framework/web/CWebApplication.php(141): CWebApplication->runController('themes/bootstra...')
#1 /var/www/aal2/common/lib/yii/framework/base/CApplication.php(184): CWebApplication->processRequest()
#2 /var/www/aal2/frontend/www/index.php(12): CApplication->run()
#3 {main}
REQUEST_URI=/themes/bootstrap/css/bootstrap.min.css
HTTP_REFERER=http://aal2/site/page?view=about
---
2015/04/15 16:37:17 [error] [exception.CHttpException.404] exception 'CHttpException' with message 'Unable to resolve the request "themes/bootstrap/css/bootstrap.min.css".' in /var/www/aal2/common/lib/yii/framework/web/CWebApplication.php:286
Stack trace:
#0 /var/www/aal2/common/lib/yii/framework/web/CWebApplication.php(141): CWebApplication->runController('themes/bootstra...')
#1 /var/www/aal2/common/lib/yii/framework/base/CApplication.php(184): CWebApplication->processRequest()
#2 /var/www/aal2/frontend/www/index.php(12): CApplication->run()
#3 {main}
REQUEST_URI=/themes/bootstrap/css/bootstrap.min.css
HTTP_REFERER=http://aal2/site/index
---
2015/04/15 16:37:18 [error] [exception.CHttpException.404] exception 'CHttpException' with message 'Unable to resolve the request "themes/bootstrap/css/bootstrap.min.css".' in /var/www/aal2/common/lib/yii/framework/web/CWebApplication.php:286
Stack trace:
#0 /var/www/aal2/common/lib/yii/framework/web/CWebApplication.php(141): CWebApplication->runController('themes/bootstra...')
#1 /var/www/aal2/common/lib/yii/framework/base/CApplication.php(184): CWebApplication->processRequest()
#2 /var/www/aal2/frontend/www/index.php(12): CApplication->run()
#3 {main}
REQUEST_URI=/themes/bootstrap/css/bootstrap.min.css
HTTP_REFERER=http://aal2/site/page?view=about
---
2015/04/15 16:37:19 [error] [exception.CHttpException.404] exception 'CHttpException' with message 'Unable to resolve the request "themes/bootstrap/css/bootstrap.min.css".' in /var/www/aal2/common/lib/yii/framework/web/CWebApplication.php:286
Stack trace:
#0 /var/www/aal2/common/lib/yii/framework/web/CWebApplication.php(141): CWebApplication->runController('themes/bootstra...')
#1 /var/www/aal2/common/lib/yii/framework/base/CApplication.php(184): CWebApplication->processRequest()
#2 /var/www/aal2/frontend/www/index.php(12): CApplication->run()
#3 {main}
REQUEST_URI=/themes/bootstrap/css/bootstrap.min.css
HTTP_REFERER=http://aal2/site/index
---
2015/04/15 16:37:21 [error] [exception.CHttpException.404] exception 'CHttpException' with message 'Unable to resolve the request "themes/bootstrap/css/bootstrap.min.css".' in /var/www/aal2/common/lib/yii/framework/web/CWebApplication.php:286
Stack trace:
#0 /var/www/aal2/common/lib/yii/framework/web/CWebApplication.php(141): CWebApplication->runController('themes/bootstra...')
#1 /var/www/aal2/common/lib/yii/framework/base/CApplication.php(184): CWebApplication->processRequest()
#2 /var/www/aal2/frontend/www/index.php(12): CApplication->run()
#3 {main}
REQUEST_URI=/themes/bootstrap/css/bootstrap.min.css
HTTP_REFERER=http://aal2/site/contact
---
2015/04/15 16:37:22 [error] [exception.CHttpException.404] exception 'CHttpException' with message 'Unable to resolve the request "themes/bootstrap/css/bootstrap.min.css".' in /var/www/aal2/common/lib/yii/framework/web/CWebApplication.php:286
Stack trace:
#0 /var/www/aal2/common/lib/yii/framework/web/CWebApplication.php(141): CWebApplication->runController('themes/bootstra...')
#1 /var/www/aal2/common/lib/yii/framework/base/CApplication.php(184): CWebApplication->processRequest()
#2 /var/www/aal2/frontend/www/index.php(12): CApplication->run()
#3 {main}
REQUEST_URI=/themes/bootstrap/css/bootstrap.min.css
HTTP_REFERER=http://aal2/site/page?view=about
---
2015/04/15 16:37:22 [error] [exception.CHttpException.404] exception 'CHttpException' with message 'Unable to resolve the request "themes/bootstrap/css/bootstrap.min.css".' in /var/www/aal2/common/lib/yii/framework/web/CWebApplication.php:286
Stack trace:
#0 /var/www/aal2/common/lib/yii/framework/web/CWebApplication.php(141): CWebApplication->runController('themes/bootstra...')
#1 /var/www/aal2/common/lib/yii/framework/base/CApplication.php(184): CWebApplication->processRequest()
#2 /var/www/aal2/frontend/www/index.php(12): CApplication->run()
#3 {main}
REQUEST_URI=/themes/bootstrap/css/bootstrap.min.css
HTTP_REFERER=http://aal2/site/login
---
2015/04/15 16:37:23 [error] [exception.CHttpException.404] exception 'CHttpException' with message 'Unable to resolve the request "themes/bootstrap/css/bootstrap.min.css".' in /var/www/aal2/common/lib/yii/framework/web/CWebApplication.php:286
Stack trace:
#0 /var/www/aal2/common/lib/yii/framework/web/CWebApplication.php(141): CWebApplication->runController('themes/bootstra...')
#1 /var/www/aal2/common/lib/yii/framework/base/CApplication.php(184): CWebApplication->processRequest()
#2 /var/www/aal2/frontend/www/index.php(12): CApplication->run()
#3 {main}
REQUEST_URI=/themes/bootstrap/css/bootstrap.min.css
HTTP_REFERER=http://aal2/site/contact
---
2015/04/15 16:37:24 [error] [exception.CHttpException.404] exception 'CHttpException' with message 'Unable to resolve the request "themes/bootstrap/css/bootstrap.min.css".' in /var/www/aal2/common/lib/yii/framework/web/CWebApplication.php:286
Stack trace:
#0 /var/www/aal2/common/lib/yii/framework/web/CWebApplication.php(141): CWebApplication->runController('themes/bootstra...')
#1 /var/www/aal2/common/lib/yii/framework/base/CApplication.php(184): CWebApplication->processRequest()
#2 /var/www/aal2/frontend/www/index.php(12): CApplication->run()
#3 {main}
REQUEST_URI=/themes/bootstrap/css/bootstrap.min.css
HTTP_REFERER=http://aal2/site/login
---
2015/04/15 16:37:25 [error] [exception.CHttpException.404] exception 'CHttpException' with message 'Unable to resolve the request "themes/bootstrap/css/bootstrap.min.css".' in /var/www/aal2/common/lib/yii/framework/web/CWebApplication.php:286
Stack trace:
#0 /var/www/aal2/common/lib/yii/framework/web/CWebApplication.php(141): CWebApplication->runController('themes/bootstra...')
#1 /var/www/aal2/common/lib/yii/framework/base/CApplication.php(184): CWebApplication->processRequest()
#2 /var/www/aal2/frontend/www/index.php(12): CApplication->run()
#3 {main}
REQUEST_URI=/themes/bootstrap/css/bootstrap.min.css
HTTP_REFERER=http://aal2/site/page?view=about
---
2015/04/15 16:37:59 [error] [exception.CHttpException.404] exception 'CHttpException' with message 'Unable to resolve the request "themes/bootstrap/css/bootstrap.min.css".' in /var/www/aal2/common/lib/yii/framework/web/CWebApplication.php:286
Stack trace:
#0 /var/www/aal2/common/lib/yii/framework/web/CWebApplication.php(141): CWebApplication->runController('themes/bootstra...')
#1 /var/www/aal2/common/lib/yii/framework/base/CApplication.php(184): CWebApplication->processRequest()
#2 /var/www/aal2/frontend/www/index.php(12): CApplication->run()
#3 {main}
REQUEST_URI=/themes/bootstrap/css/bootstrap.min.css
HTTP_REFERER=http://aal2/site/page?view=about
---
2015/04/15 16:38:08 [error] [exception.CHttpException.404] exception 'CHttpException' with message 'Unable to resolve the request "themes/bootstrap/css/bootstrap.min.css".' in /var/www/aal2/common/lib/yii/framework/web/CWebApplication.php:286
Stack trace:
#0 /var/www/aal2/common/lib/yii/framework/web/CWebApplication.php(141): CWebApplication->runController('themes/bootstra...')
#1 /var/www/aal2/common/lib/yii/framework/base/CApplication.php(184): CWebApplication->processRequest()
#2 /var/www/aal2/frontend/www/index.php(12): CApplication->run()
#3 {main}
REQUEST_URI=/themes/bootstrap/css/bootstrap.min.css
HTTP_REFERER=http://aal2/site/contact
---
2015/04/15 16:38:13 [error] [exception.CHttpException.404] exception 'CHttpException' with message 'Unable to resolve the request "themes/bootstrap/css/bootstrap.min.css".' in /var/www/aal2/common/lib/yii/framework/web/CWebApplication.php:286
Stack trace:
#0 /var/www/aal2/common/lib/yii/framework/web/CWebApplication.php(141): CWebApplication->runController('themes/bootstra...')
#1 /var/www/aal2/common/lib/yii/framework/base/CApplication.php(184): CWebApplication->processRequest()
#2 /var/www/aal2/frontend/www/index.php(12): CApplication->run()
#3 {main}
REQUEST_URI=/themes/bootstrap/css/bootstrap.min.css
HTTP_REFERER=http://aal2/site/login
---
2015/04/15 16:38:14 [error] [exception.CHttpException.404] exception 'CHttpException' with message 'Unable to resolve the request "themes/bootstrap/css/bootstrap.min.css".' in /var/www/aal2/common/lib/yii/framework/web/CWebApplication.php:286
Stack trace:
#0 /var/www/aal2/common/lib/yii/framework/web/CWebApplication.php(141): CWebApplication->runController('themes/bootstra...')
#1 /var/www/aal2/common/lib/yii/framework/base/CApplication.php(184): CWebApplication->processRequest()
#2 /var/www/aal2/frontend/www/index.php(12): CApplication->run()
#3 {main}
REQUEST_URI=/themes/bootstrap/css/bootstrap.min.css
HTTP_REFERER=http://aal2/site/contact
---
2015/04/15 16:38:15 [error] [exception.CHttpException.404] exception 'CHttpException' with message 'Unable to resolve the request "themes/bootstrap/css/bootstrap.min.css".' in /var/www/aal2/common/lib/yii/framework/web/CWebApplication.php:286
Stack trace:
#0 /var/www/aal2/common/lib/yii/framework/web/CWebApplication.php(141): CWebApplication->runController('themes/bootstra...')
#1 /var/www/aal2/common/lib/yii/framework/base/CApplication.php(184): CWebApplication->processRequest()
#2 /var/www/aal2/frontend/www/index.php(12): CApplication->run()
#3 {main}
REQUEST_URI=/themes/bootstrap/css/bootstrap.min.css
HTTP_REFERER=http://aal2/site/page?view=about
---
2015/04/15 16:38:15 [error] [exception.CHttpException.404] exception 'CHttpException' with message 'Unable to resolve the request "themes/bootstrap/css/bootstrap.min.css".' in /var/www/aal2/common/lib/yii/framework/web/CWebApplication.php:286
Stack trace:
#0 /var/www/aal2/common/lib/yii/framework/web/CWebApplication.php(141): CWebApplication->runController('themes/bootstra...')
#1 /var/www/aal2/common/lib/yii/framework/base/CApplication.php(184): CWebApplication->processRequest()
#2 /var/www/aal2/frontend/www/index.php(12): CApplication->run()
#3 {main}
REQUEST_URI=/themes/bootstrap/css/bootstrap.min.css
HTTP_REFERER=http://aal2/site/page?view=about
---
2015/04/15 16:38:16 [error] [exception.CHttpException.404] exception 'CHttpException' with message 'Unable to resolve the request "themes/bootstrap/css/bootstrap.min.css".' in /var/www/aal2/common/lib/yii/framework/web/CWebApplication.php:286
Stack trace:
#0 /var/www/aal2/common/lib/yii/framework/web/CWebApplication.php(141): CWebApplication->runController('themes/bootstra...')
#1 /var/www/aal2/common/lib/yii/framework/base/CApplication.php(184): CWebApplication->processRequest()
#2 /var/www/aal2/frontend/www/index.php(12): CApplication->run()
#3 {main}
REQUEST_URI=/themes/bootstrap/css/bootstrap.min.css
HTTP_REFERER=http://aal2/site/index
---
2015/04/15 16:38:16 [error] [exception.CHttpException.404] exception 'CHttpException' with message 'Unable to resolve the request "themes/bootstrap/css/bootstrap.min.css".' in /var/www/aal2/common/lib/yii/framework/web/CWebApplication.php:286
Stack trace:
#0 /var/www/aal2/common/lib/yii/framework/web/CWebApplication.php(141): CWebApplication->runController('themes/bootstra...')
#1 /var/www/aal2/common/lib/yii/framework/base/CApplication.php(184): CWebApplication->processRequest()
#2 /var/www/aal2/frontend/www/index.php(12): CApplication->run()
#3 {main}
REQUEST_URI=/themes/bootstrap/css/bootstrap.min.css
HTTP_REFERER=http://aal2/site/page?view=about
---
2015/04/15 16:38:18 [error] [exception.CHttpException.404] exception 'CHttpException' with message 'Unable to resolve the request "themes/bootstrap/css/bootstrap.min.css".' in /var/www/aal2/common/lib/yii/framework/web/CWebApplication.php:286
Stack trace:
#0 /var/www/aal2/common/lib/yii/framework/web/CWebApplication.php(141): CWebApplication->runController('themes/bootstra...')
#1 /var/www/aal2/common/lib/yii/framework/base/CApplication.php(184): CWebApplication->processRequest()
#2 /var/www/aal2/frontend/www/index.php(12): CApplication->run()
#3 {main}
REQUEST_URI=/themes/bootstrap/css/bootstrap.min.css
HTTP_REFERER=http://aal2/site/contact
---
2015/04/15 16:38:18 [error] [exception.CHttpException.404] exception 'CHttpException' with message 'Unable to resolve the request "themes/bootstrap/css/bootstrap.min.css".' in /var/www/aal2/common/lib/yii/framework/web/CWebApplication.php:286
Stack trace:
#0 /var/www/aal2/common/lib/yii/framework/web/CWebApplication.php(141): CWebApplication->runController('themes/bootstra...')
#1 /var/www/aal2/common/lib/yii/framework/base/CApplication.php(184): CWebApplication->processRequest()
#2 /var/www/aal2/frontend/www/index.php(12): CApplication->run()
#3 {main}
REQUEST_URI=/themes/bootstrap/css/bootstrap.min.css
HTTP_REFERER=http://aal2/site/page?view=about
---
2015/04/15 16:38:19 [error] [exception.CHttpException.404] exception 'CHttpException' with message 'Unable to resolve the request "themes/bootstrap/css/bootstrap.min.css".' in /var/www/aal2/common/lib/yii/framework/web/CWebApplication.php:286
Stack trace:
#0 /var/www/aal2/common/lib/yii/framework/web/CWebApplication.php(141): CWebApplication->runController('themes/bootstra...')
#1 /var/www/aal2/common/lib/yii/framework/base/CApplication.php(184): CWebApplication->processRequest()
#2 /var/www/aal2/frontend/www/index.php(12): CApplication->run()
#3 {main}
REQUEST_URI=/themes/bootstrap/css/bootstrap.min.css
HTTP_REFERER=http://aal2/site/index
---
2015/04/15 16:38:20 [error] [exception.CHttpException.404] exception 'CHttpException' with message 'Unable to resolve the request "themes/bootstrap/css/bootstrap.min.css".' in /var/www/aal2/common/lib/yii/framework/web/CWebApplication.php:286
Stack trace:
#0 /var/www/aal2/common/lib/yii/framework/web/CWebApplication.php(141): CWebApplication->runController('themes/bootstra...')
#1 /var/www/aal2/common/lib/yii/framework/base/CApplication.php(184): CWebApplication->processRequest()
#2 /var/www/aal2/frontend/www/index.php(12): CApplication->run()
#3 {main}
REQUEST_URI=/themes/bootstrap/css/bootstrap.min.css
HTTP_REFERER=http://aal2/site/page?view=about
---
2015/04/15 16:38:21 [error] [exception.CHttpException.404] exception 'CHttpException' with message 'Unable to resolve the request "themes/bootstrap/css/bootstrap.min.css".' in /var/www/aal2/common/lib/yii/framework/web/CWebApplication.php:286
Stack trace:
#0 /var/www/aal2/common/lib/yii/framework/web/CWebApplication.php(141): CWebApplication->runController('themes/bootstra...')
#1 /var/www/aal2/common/lib/yii/framework/base/CApplication.php(184): CWebApplication->processRequest()
#2 /var/www/aal2/frontend/www/index.php(12): CApplication->run()
#3 {main}
REQUEST_URI=/themes/bootstrap/css/bootstrap.min.css
HTTP_REFERER=http://aal2/site/index
---
2015/04/15 16:43:09 [error] [exception.CHttpException.404] exception 'CHttpException' with message 'Unable to resolve the request "themes/bootstrap/css/bootstrap.min.css".' in /var/www/aal2/common/lib/yii/framework/web/CWebApplication.php:286
Stack trace:
#0 /var/www/aal2/common/lib/yii/framework/web/CWebApplication.php(141): CWebApplication->runController('themes/bootstra...')
#1 /var/www/aal2/common/lib/yii/framework/base/CApplication.php(184): CWebApplication->processRequest()
#2 /var/www/aal2/frontend/www/index.php(12): CApplication->run()
#3 {main}
REQUEST_URI=/themes/bootstrap/css/bootstrap.min.css
HTTP_REFERER=http://aal2/site/page?view=about
---
2015/04/15 16:43:10 [error] [exception.CHttpException.404] exception 'CHttpException' with message 'Unable to resolve the request "themes/bootstrap/css/bootstrap.min.css".' in /var/www/aal2/common/lib/yii/framework/web/CWebApplication.php:286
Stack trace:
#0 /var/www/aal2/common/lib/yii/framework/web/CWebApplication.php(141): CWebApplication->runController('themes/bootstra...')
#1 /var/www/aal2/common/lib/yii/framework/base/CApplication.php(184): CWebApplication->processRequest()
#2 /var/www/aal2/frontend/www/index.php(12): CApplication->run()
#3 {main}
REQUEST_URI=/themes/bootstrap/css/bootstrap.min.css
HTTP_REFERER=http://aal2/site/contact
---
2015/04/15 16:44:45 [error] [exception.CHttpException.404] exception 'CHttpException' with message 'Unable to resolve the request "themes/bootstrap/css/bootstrap.min.css".' in /var/www/aal2/common/lib/yii/framework/web/CWebApplication.php:286
Stack trace:
#0 /var/www/aal2/common/lib/yii/framework/web/CWebApplication.php(141): CWebApplication->runController('themes/bootstra...')
#1 /var/www/aal2/common/lib/yii/framework/base/CApplication.php(184): CWebApplication->processRequest()
#2 /var/www/aal2/frontend/www/index.php(12): CApplication->run()
#3 {main}
REQUEST_URI=/themes/bootstrap/css/bootstrap.min.css
HTTP_REFERER=http://aal2/site/contact
---
2015/04/15 16:46:07 [error] [exception.CHttpException.404] exception 'CHttpException' with message 'Unable to resolve the request "themes/bootstrap/css/bootstrap.min.css".' in /var/www/aal2/common/lib/yii/framework/web/CWebApplication.php:286
Stack trace:
#0 /var/www/aal2/common/lib/yii/framework/web/CWebApplication.php(141): CWebApplication->runController('themes/bootstra...')
#1 /var/www/aal2/common/lib/yii/framework/base/CApplication.php(184): CWebApplication->processRequest()
#2 /var/www/aal2/frontend/www/index.php(12): CApplication->run()
#3 {main}
REQUEST_URI=/themes/bootstrap/css/bootstrap.min.css
HTTP_REFERER=http://aal2/site/contact
---
2015/04/15 16:48:21 [error] [exception.CHttpException.404] exception 'CHttpException' with message 'Unable to resolve the request "themes/bootstrap/css/bootstrap.min.css".' in /var/www/aal2/common/lib/yii/framework/web/CWebApplication.php:286
Stack trace:
#0 /var/www/aal2/common/lib/yii/framework/web/CWebApplication.php(141): CWebApplication->runController('themes/bootstra...')
#1 /var/www/aal2/common/lib/yii/framework/base/CApplication.php(184): CWebApplication->processRequest()
#2 /var/www/aal2/frontend/www/index.php(12): CApplication->run()
#3 {main}
REQUEST_URI=/themes/bootstrap/css/bootstrap.min.css
HTTP_REFERER=http://aal2/site/contact
---
2015/04/15 16:48:42 [error] [exception.CHttpException.404] exception 'CHttpException' with message 'Unable to resolve the request "themes/bootstrap/css/bootstrap.min.css".' in /var/www/aal2/common/lib/yii/framework/web/CWebApplication.php:286
Stack trace:
#0 /var/www/aal2/common/lib/yii/framework/web/CWebApplication.php(141): CWebApplication->runController('themes/bootstra...')
#1 /var/www/aal2/common/lib/yii/framework/base/CApplication.php(184): CWebApplication->processRequest()
#2 /var/www/aal2/frontend/www/index.php(12): CApplication->run()
#3 {main}
REQUEST_URI=/themes/bootstrap/css/bootstrap.min.css
HTTP_REFERER=http://aal2/site/contact
---
2015/04/15 16:49:53 [error] [exception.CHttpException.404] exception 'CHttpException' with message 'Unable to resolve the request "themes/bootstrap/css/bootstrap.min.css".' in /var/www/aal2/common/lib/yii/framework/web/CWebApplication.php:286
Stack trace:
#0 /var/www/aal2/common/lib/yii/framework/web/CWebApplication.php(141): CWebApplication->runController('themes/bootstra...')
#1 /var/www/aal2/common/lib/yii/framework/base/CApplication.php(184): CWebApplication->processRequest()
#2 /var/www/aal2/frontend/www/index.php(12): CApplication->run()
#3 {main}
REQUEST_URI=/themes/bootstrap/css/bootstrap.min.css
HTTP_REFERER=http://aal2/site/contact
---
2015/04/15 16:50:02 [error] [exception.CHttpException.404] exception 'CHttpException' with message 'Unable to resolve the request "themes/bootstrap/css/bootstrap.min.css".' in /var/www/aal2/common/lib/yii/framework/web/CWebApplication.php:286
Stack trace:
#0 /var/www/aal2/common/lib/yii/framework/web/CWebApplication.php(141): CWebApplication->runController('themes/bootstra...')
#1 /var/www/aal2/common/lib/yii/framework/base/CApplication.php(184): CWebApplication->processRequest()
#2 /var/www/aal2/frontend/www/index.php(12): CApplication->run()
#3 {main}
REQUEST_URI=/themes/bootstrap/css/bootstrap.min.css
HTTP_REFERER=http://aal2/site/contact
---
2015/04/15 16:51:37 [error] [exception.CHttpException.404] exception 'CHttpException' with message 'Unable to resolve the request "themes/bootstrap/css/bootstrap.min.css".' in /var/www/aal2/common/lib/yii/framework/web/CWebApplication.php:286
Stack trace:
#0 /var/www/aal2/common/lib/yii/framework/web/CWebApplication.php(141): CWebApplication->runController('themes/bootstra...')
#1 /var/www/aal2/common/lib/yii/framework/base/CApplication.php(184): CWebApplication->processRequest()
#2 /var/www/aal2/frontend/www/index.php(12): CApplication->run()
#3 {main}
REQUEST_URI=/themes/bootstrap/css/bootstrap.min.css
HTTP_REFERER=http://aal2/site/contact
---
2015/04/15 16:51:45 [error] [exception.CHttpException.404] exception 'CHttpException' with message 'Unable to resolve the request "themes/bootstrap/css/bootstrap.min.css".' in /var/www/aal2/common/lib/yii/framework/web/CWebApplication.php:286
Stack trace:
#0 /var/www/aal2/common/lib/yii/framework/web/CWebApplication.php(141): CWebApplication->runController('themes/bootstra...')
#1 /var/www/aal2/common/lib/yii/framework/base/CApplication.php(184): CWebApplication->processRequest()
#2 /var/www/aal2/frontend/www/index.php(12): CApplication->run()
#3 {main}
REQUEST_URI=/themes/bootstrap/css/bootstrap.min.css
HTTP_REFERER=http://aal2/site/login
---
2015/04/15 16:51:46 [error] [exception.CHttpException.404] exception 'CHttpException' with message 'Unable to resolve the request "themes/bootstrap/css/bootstrap.min.css".' in /var/www/aal2/common/lib/yii/framework/web/CWebApplication.php:286
Stack trace:
#0 /var/www/aal2/common/lib/yii/framework/web/CWebApplication.php(141): CWebApplication->runController('themes/bootstra...')
#1 /var/www/aal2/common/lib/yii/framework/base/CApplication.php(184): CWebApplication->processRequest()
#2 /var/www/aal2/frontend/www/index.php(12): CApplication->run()
#3 {main}
REQUEST_URI=/themes/bootstrap/css/bootstrap.min.css
HTTP_REFERER=http://aal2/site/contact
---
2015/04/15 16:51:47 [error] [exception.CHttpException.404] exception 'CHttpException' with message 'Unable to resolve the request "themes/bootstrap/css/bootstrap.min.css".' in /var/www/aal2/common/lib/yii/framework/web/CWebApplication.php:286
Stack trace:
#0 /var/www/aal2/common/lib/yii/framework/web/CWebApplication.php(141): CWebApplication->runController('themes/bootstra...')
#1 /var/www/aal2/common/lib/yii/framework/base/CApplication.php(184): CWebApplication->processRequest()
#2 /var/www/aal2/frontend/www/index.php(12): CApplication->run()
#3 {main}
REQUEST_URI=/themes/bootstrap/css/bootstrap.min.css
HTTP_REFERER=http://aal2/site/login
---
2015/04/15 16:51:48 [error] [exception.CHttpException.404] exception 'CHttpException' with message 'Unable to resolve the request "themes/bootstrap/css/bootstrap.min.css".' in /var/www/aal2/common/lib/yii/framework/web/CWebApplication.php:286
Stack trace:
#0 /var/www/aal2/common/lib/yii/framework/web/CWebApplication.php(141): CWebApplication->runController('themes/bootstra...')
#1 /var/www/aal2/common/lib/yii/framework/base/CApplication.php(184): CWebApplication->processRequest()
#2 /var/www/aal2/frontend/www/index.php(12): CApplication->run()
#3 {main}
REQUEST_URI=/themes/bootstrap/css/bootstrap.min.css
HTTP_REFERER=http://aal2/site/contact
---
2015/04/15 16:53:20 [error] [exception.CHttpException.404] exception 'CHttpException' with message 'Unable to resolve the request "themes/bootstrap/css/bootstrap.min.css".' in /var/www/aal2/common/lib/yii/framework/web/CWebApplication.php:286
Stack trace:
#0 /var/www/aal2/common/lib/yii/framework/web/CWebApplication.php(141): CWebApplication->runController('themes/bootstra...')
#1 /var/www/aal2/common/lib/yii/framework/base/CApplication.php(184): CWebApplication->processRequest()
#2 /var/www/aal2/frontend/www/index.php(12): CApplication->run()
#3 {main}
REQUEST_URI=/themes/bootstrap/css/bootstrap.min.css
HTTP_REFERER=http://aal2/site/contact
---
2015/04/15 16:53:55 [error] [exception.CHttpException.404] exception 'CHttpException' with message 'Unable to resolve the request "themes/bootstrap/css/bootstrap.min.css".' in /var/www/aal2/common/lib/yii/framework/web/CWebApplication.php:286
Stack trace:
#0 /var/www/aal2/common/lib/yii/framework/web/CWebApplication.php(141): CWebApplication->runController('themes/bootstra...')
#1 /var/www/aal2/common/lib/yii/framework/base/CApplication.php(184): CWebApplication->processRequest()
#2 /var/www/aal2/frontend/www/index.php(12): CApplication->run()
#3 {main}
REQUEST_URI=/themes/bootstrap/css/bootstrap.min.css
HTTP_REFERER=http://aal2/site/login
---
2015/04/15 16:57:13 [error] [exception.CHttpException.404] exception 'CHttpException' with message 'Unable to resolve the request "themes/bootstrap/css/bootstrap.min.css".' in /var/www/aal2/common/lib/yii/framework/web/CWebApplication.php:286
Stack trace:
#0 /var/www/aal2/common/lib/yii/framework/web/CWebApplication.php(141): CWebApplication->runController('themes/bootstra...')
#1 /var/www/aal2/common/lib/yii/framework/base/CApplication.php(184): CWebApplication->processRequest()
#2 /var/www/aal2/frontend/www/index.php(12): CApplication->run()
#3 {main}
REQUEST_URI=/themes/bootstrap/css/bootstrap.min.css
HTTP_REFERER=http://aal2/site/login
---
2015/04/15 16:57:41 [error] [exception.CHttpException.404] exception 'CHttpException' with message 'Unable to resolve the request "themes/bootstrap/css/bootstrap.min.css".' in /var/www/aal2/common/lib/yii/framework/web/CWebApplication.php:286
Stack trace:
#0 /var/www/aal2/common/lib/yii/framework/web/CWebApplication.php(141): CWebApplication->runController('themes/bootstra...')
#1 /var/www/aal2/common/lib/yii/framework/base/CApplication.php(184): CWebApplication->processRequest()
#2 /var/www/aal2/frontend/www/index.php(12): CApplication->run()
#3 {main}
REQUEST_URI=/themes/bootstrap/css/bootstrap.min.css
HTTP_REFERER=http://aal2/site/contact
---
2015/04/15 16:57:42 [error] [exception.CHttpException.404] exception 'CHttpException' with message 'Unable to resolve the request "themes/bootstrap/css/bootstrap.min.css".' in /var/www/aal2/common/lib/yii/framework/web/CWebApplication.php:286
Stack trace:
#0 /var/www/aal2/common/lib/yii/framework/web/CWebApplication.php(141): CWebApplication->runController('themes/bootstra...')
#1 /var/www/aal2/common/lib/yii/framework/base/CApplication.php(184): CWebApplication->processRequest()
#2 /var/www/aal2/frontend/www/index.php(12): CApplication->run()
#3 {main}
REQUEST_URI=/themes/bootstrap/css/bootstrap.min.css
HTTP_REFERER=http://aal2/site/page?view=about
---
2015/04/15 16:57:42 [error] [exception.CHttpException.404] exception 'CHttpException' with message 'Unable to resolve the request "themes/bootstrap/css/bootstrap.min.css".' in /var/www/aal2/common/lib/yii/framework/web/CWebApplication.php:286
Stack trace:
#0 /var/www/aal2/common/lib/yii/framework/web/CWebApplication.php(141): CWebApplication->runController('themes/bootstra...')
#1 /var/www/aal2/common/lib/yii/framework/base/CApplication.php(184): CWebApplication->processRequest()
#2 /var/www/aal2/frontend/www/index.php(12): CApplication->run()
#3 {main}
REQUEST_URI=/themes/bootstrap/css/bootstrap.min.css
HTTP_REFERER=http://aal2/site/index
---
2015/04/15 16:57:44 [error] [exception.CHttpException.404] exception 'CHttpException' with message 'Unable to resolve the request "themes/bootstrap/css/bootstrap.min.css".' in /var/www/aal2/common/lib/yii/framework/web/CWebApplication.php:286
Stack trace:
#0 /var/www/aal2/common/lib/yii/framework/web/CWebApplication.php(141): CWebApplication->runController('themes/bootstra...')
#1 /var/www/aal2/common/lib/yii/framework/base/CApplication.php(184): CWebApplication->processRequest()
#2 /var/www/aal2/frontend/www/index.php(12): CApplication->run()
#3 {main}
REQUEST_URI=/themes/bootstrap/css/bootstrap.min.css
HTTP_REFERER=http://aal2/site/login
---
2015/04/15 16:57:52 [error] [exception.CHttpException.404] exception 'CHttpException' with message 'Unable to resolve the request "themes/bootstrap/css/bootstrap.min.css".' in /var/www/aal2/common/lib/yii/framework/web/CWebApplication.php:286
Stack trace:
#0 /var/www/aal2/common/lib/yii/framework/web/CWebApplication.php(141): CWebApplication->runController('themes/bootstra...')
#1 /var/www/aal2/common/lib/yii/framework/base/CApplication.php(184): CWebApplication->processRequest()
#2 /var/www/aal2/frontend/www/index.php(12): CApplication->run()
#3 {main}
REQUEST_URI=/themes/bootstrap/css/bootstrap.min.css
HTTP_REFERER=http://aal2/
---
2015/04/15 16:57:54 [error] [exception.CHttpException.404] exception 'CHttpException' with message 'Unable to resolve the request "themes/bootstrap/css/bootstrap.min.css".' in /var/www/aal2/common/lib/yii/framework/web/CWebApplication.php:286
Stack trace:
#0 /var/www/aal2/common/lib/yii/framework/web/CWebApplication.php(141): CWebApplication->runController('themes/bootstra...')
#1 /var/www/aal2/common/lib/yii/framework/base/CApplication.php(184): CWebApplication->processRequest()
#2 /var/www/aal2/frontend/www/index.php(12): CApplication->run()
#3 {main}
REQUEST_URI=/themes/bootstrap/css/bootstrap.min.css
HTTP_REFERER=http://aal2/site/contact
---
2015/04/15 16:57:56 [error] [exception.CHttpException.404] exception 'CHttpException' with message 'Unable to resolve the request "themes/bootstrap/css/bootstrap.min.css".' in /var/www/aal2/common/lib/yii/framework/web/CWebApplication.php:286
Stack trace:
#0 /var/www/aal2/common/lib/yii/framework/web/CWebApplication.php(141): CWebApplication->runController('themes/bootstra...')
#1 /var/www/aal2/common/lib/yii/framework/base/CApplication.php(184): CWebApplication->processRequest()
#2 /var/www/aal2/frontend/www/index.php(12): CApplication->run()
#3 {main}
REQUEST_URI=/themes/bootstrap/css/bootstrap.min.css
HTTP_REFERER=http://aal2/site/page?view=about
---
2015/04/15 16:57:57 [error] [exception.CHttpException.404] exception 'CHttpException' with message 'Unable to resolve the request "themes/bootstrap/css/bootstrap.min.css".' in /var/www/aal2/common/lib/yii/framework/web/CWebApplication.php:286
Stack trace:
#0 /var/www/aal2/common/lib/yii/framework/web/CWebApplication.php(141): CWebApplication->runController('themes/bootstra...')
#1 /var/www/aal2/common/lib/yii/framework/base/CApplication.php(184): CWebApplication->processRequest()
#2 /var/www/aal2/frontend/www/index.php(12): CApplication->run()
#3 {main}
REQUEST_URI=/themes/bootstrap/css/bootstrap.min.css
HTTP_REFERER=http://aal2/site/contact
---
2015/04/15 16:58:38 [error] [exception.CHttpException.404] exception 'CHttpException' with message 'Unable to resolve the request "themes/bootstrap/css/bootstrap.min.css".' in /var/www/aal2/common/lib/yii/framework/web/CWebApplication.php:286
Stack trace:
#0 /var/www/aal2/common/lib/yii/framework/web/CWebApplication.php(141): CWebApplication->runController('themes/bootstra...')
#1 /var/www/aal2/common/lib/yii/framework/base/CApplication.php(184): CWebApplication->processRequest()
#2 /var/www/aal2/frontend/www/index.php(12): CApplication->run()
#3 {main}
REQUEST_URI=/themes/bootstrap/css/bootstrap.min.css
HTTP_REFERER=http://aal2/site/page?view=about
---
2015/04/15 16:58:39 [error] [exception.CHttpException.404] exception 'CHttpException' with message 'Unable to resolve the request "themes/bootstrap/css/bootstrap.min.css".' in /var/www/aal2/common/lib/yii/framework/web/CWebApplication.php:286
Stack trace:
#0 /var/www/aal2/common/lib/yii/framework/web/CWebApplication.php(141): CWebApplication->runController('themes/bootstra...')
#1 /var/www/aal2/common/lib/yii/framework/base/CApplication.php(184): CWebApplication->processRequest()
#2 /var/www/aal2/frontend/www/index.php(12): CApplication->run()
#3 {main}
REQUEST_URI=/themes/bootstrap/css/bootstrap.min.css
HTTP_REFERER=http://aal2/site/index
---
2015/04/15 17:01:57 [error] [exception.CHttpException.404] exception 'CHttpException' with message 'Unable to resolve the request "themes/bootstrap/css/bootstrap.min.css".' in /var/www/aal2/common/lib/yii/framework/web/CWebApplication.php:286
Stack trace:
#0 /var/www/aal2/common/lib/yii/framework/web/CWebApplication.php(141): CWebApplication->runController('themes/bootstra...')
#1 /var/www/aal2/common/lib/yii/framework/base/CApplication.php(184): CWebApplication->processRequest()
#2 /var/www/aal2/frontend/www/index.php(12): CApplication->run()
#3 {main}
REQUEST_URI=/themes/bootstrap/css/bootstrap.min.css
HTTP_REFERER=http://aal2/site/index
---
2015/04/15 17:03:03 [error] [exception.CHttpException.404] exception 'CHttpException' with message 'Unable to resolve the request "var/www/aal2/frontend/themes/bootstrap/css/bootstrap.min.css".' in /var/www/aal2/common/lib/yii/framework/web/CWebApplication.php:286
Stack trace:
#0 /var/www/aal2/common/lib/yii/framework/web/CWebApplication.php(141): CWebApplication->runController('var/www/aal2/fr...')
#1 /var/www/aal2/common/lib/yii/framework/base/CApplication.php(184): CWebApplication->processRequest()
#2 /var/www/aal2/frontend/www/index.php(12): CApplication->run()
#3 {main}
REQUEST_URI=/var/www/aal2/frontend/themes/bootstrap/css/bootstrap.min.css
HTTP_REFERER=http://aal2/site/index
---
2015/04/15 17:03:29 [error] [exception.CHttpException.404] exception 'CHttpException' with message 'Unable to resolve the request "themes/bootstrap/css/bootstrap.min.css".' in /var/www/aal2/common/lib/yii/framework/web/CWebApplication.php:286
Stack trace:
#0 /var/www/aal2/common/lib/yii/framework/web/CWebApplication.php(141): CWebApplication->runController('themes/bootstra...')
#1 /var/www/aal2/common/lib/yii/framework/base/CApplication.php(184): CWebApplication->processRequest()
#2 /var/www/aal2/frontend/www/index.php(12): CApplication->run()
#3 {main}
REQUEST_URI=/themes/bootstrap/css/bootstrap.min.css
HTTP_REFERER=http://aal2/site/index
---
2015/04/15 17:06:04 [error] [exception.CHttpException.404] exception 'CHttpException' with message 'The system is unable to find the requested action "frontend".' in /var/www/aal2/common/lib/yii/framework/web/CController.php:483
Stack trace:
#0 /var/www/aal2/common/lib/yii/framework/web/CController.php(270): CController->missingAction('frontend')
#1 /var/www/aal2/common/lib/yii/framework/web/CWebApplication.php(282): CController->run('frontend')
#2 /var/www/aal2/common/lib/yii/framework/web/CWebApplication.php(141): CWebApplication->runController('site/frontend//...')
#3 /var/www/aal2/common/lib/yii/framework/base/CApplication.php(184): CWebApplication->processRequest()
#4 /var/www/aal2/frontend/www/index.php(12): CApplication->run()
#5 {main}
REQUEST_URI=/site/frontend//themes/bootstrap/css/bootstrap.min.css
HTTP_REFERER=http://aal2/site/index
---
2015/04/15 17:06:41 [error] [exception.CHttpException.404] exception 'CHttpException' with message 'The system is unable to find the requested action "frontend".' in /var/www/aal2/common/lib/yii/framework/web/CController.php:483
Stack trace:
#0 /var/www/aal2/common/lib/yii/framework/web/CController.php(270): CController->missingAction('frontend')
#1 /var/www/aal2/common/lib/yii/framework/web/CWebApplication.php(282): CController->run('frontend')
#2 /var/www/aal2/common/lib/yii/framework/web/CWebApplication.php(141): CWebApplication->runController('site/frontend//...')
#3 /var/www/aal2/common/lib/yii/framework/base/CApplication.php(184): CWebApplication->processRequest()
#4 /var/www/aal2/frontend/www/index.php(12): CApplication->run()
#5 {main}
REQUEST_URI=/site/frontend//themes/bootstrap/css/bootstrap.min.css
HTTP_REFERER=http://aal2/site/index
---
2015/04/15 17:06:49 [error] [exception.CHttpException.404] exception 'CHttpException' with message 'Unable to resolve the request "frontend//themes/bootstrap/css/bootstrap.min.css".' in /var/www/aal2/common/lib/yii/framework/web/CWebApplication.php:286
Stack trace:
#0 /var/www/aal2/common/lib/yii/framework/web/CWebApplication.php(141): CWebApplication->runController('frontend//theme...')
#1 /var/www/aal2/common/lib/yii/framework/base/CApplication.php(184): CWebApplication->processRequest()
#2 /var/www/aal2/frontend/www/index.php(12): CApplication->run()
#3 {main}
REQUEST_URI=/frontend//themes/bootstrap/css/bootstrap.min.css
HTTP_REFERER=http://aal2/site/index
---
2015/04/15 17:07:11 [error] [exception.CHttpException.404] exception 'CHttpException' with message 'Unable to resolve the request "frontend/themes/bootstrap/css/bootstrap.min.css".' in /var/www/aal2/common/lib/yii/framework/web/CWebApplication.php:286
Stack trace:
#0 /var/www/aal2/common/lib/yii/framework/web/CWebApplication.php(141): CWebApplication->runController('frontend/themes...')
#1 /var/www/aal2/common/lib/yii/framework/base/CApplication.php(184): CWebApplication->processRequest()
#2 /var/www/aal2/frontend/www/index.php(12): CApplication->run()
#3 {main}
REQUEST_URI=/frontend/themes/bootstrap/css/bootstrap.min.css
HTTP_REFERER=http://aal2/site/index
---
2015/04/15 17:07:44 [error] [exception.CHttpException.404] exception 'CHttpException' with message 'Unable to resolve the request "frontend/themes/bootstrap/css/bootstrap.min.css".' in /var/www/aal2/common/lib/yii/framework/web/CWebApplication.php:286
Stack trace:
#0 /var/www/aal2/common/lib/yii/framework/web/CWebApplication.php(141): CWebApplication->runController('frontend/themes...')
#1 /var/www/aal2/common/lib/yii/framework/base/CApplication.php(184): CWebApplication->processRequest()
#2 /var/www/aal2/frontend/www/index.php(12): CApplication->run()
#3 {main}
REQUEST_URI=/frontend/themes/bootstrap/css/bootstrap.min.css
---
2015/04/15 17:07:44 [error] [exception.CHttpException.404] exception 'CHttpException' with message 'Unable to resolve the request "frontend/themes/bootstrap/css/bootstrap.min.css".' in /var/www/aal2/common/lib/yii/framework/web/CWebApplication.php:286
Stack trace:
#0 /var/www/aal2/common/lib/yii/framework/web/CWebApplication.php(141): CWebApplication->runController('frontend/themes...')
#1 /var/www/aal2/common/lib/yii/framework/base/CApplication.php(184): CWebApplication->processRequest()
#2 /var/www/aal2/frontend/www/index.php(12): CApplication->run()
#3 {main}
REQUEST_URI=/frontend/themes/bootstrap/css/bootstrap.min.css
HTTP_REFERER=http://aal2/frontend/themes/bootstrap/css/bootstrap.min.css
---
2015/04/15 17:08:17 [error] [exception.CHttpException.404] exception 'CHttpException' with message 'Unable to resolve the request "frontend/themes/bootstrap/css/bootstrap.min.css".' in /var/www/aal2/common/lib/yii/framework/web/CWebApplication.php:286
Stack trace:
#0 /var/www/aal2/common/lib/yii/framework/web/CWebApplication.php(141): CWebApplication->runController('frontend/themes...')
#1 /var/www/aal2/common/lib/yii/framework/base/CApplication.php(184): CWebApplication->processRequest()
#2 /var/www/aal2/frontend/www/index.php(12): CApplication->run()
#3 {main}
REQUEST_URI=/frontend/themes/bootstrap/css/bootstrap.min.css
---
2015/04/15 17:08:17 [error] [exception.CHttpException.404] exception 'CHttpException' with message 'Unable to resolve the request "themes/bootstrap/css/bootstrap.min.css".' in /var/www/aal2/common/lib/yii/framework/web/CWebApplication.php:286
Stack trace:
#0 /var/www/aal2/common/lib/yii/framework/web/CWebApplication.php(141): CWebApplication->runController('themes/bootstra...')
#1 /var/www/aal2/common/lib/yii/framework/base/CApplication.php(184): CWebApplication->processRequest()
#2 /var/www/aal2/frontend/www/index.php(12): CApplication->run()
#3 {main}
REQUEST_URI=/themes/bootstrap/css/bootstrap.min.css
HTTP_REFERER=http://aal2/frontend/themes/bootstrap/css/bootstrap.min.css
---
2015/04/15 17:08:19 [error] [exception.CHttpException.404] exception 'CHttpException' with message 'Unable to resolve the request "themes/bootstrap/css/bootstrap.min.css".' in /var/www/aal2/common/lib/yii/framework/web/CWebApplication.php:286
Stack trace:
#0 /var/www/aal2/common/lib/yii/framework/web/CWebApplication.php(141): CWebApplication->runController('themes/bootstra...')
#1 /var/www/aal2/common/lib/yii/framework/base/CApplication.php(184): CWebApplication->processRequest()
#2 /var/www/aal2/frontend/www/index.php(12): CApplication->run()
#3 {main}
REQUEST_URI=/themes/bootstrap/css/bootstrap.min.css
HTTP_REFERER=http://aal2/site/index
---
2015/04/15 17:08:44 [error] [exception.CHttpException.404] exception 'CHttpException' with message 'Unable to resolve the request "themes/bootstrap/css/bootstrap.min.cs".' in /var/www/aal2/common/lib/yii/framework/web/CWebApplication.php:286
Stack trace:
#0 /var/www/aal2/common/lib/yii/framework/web/CWebApplication.php(141): CWebApplication->runController('themes/bootstra...')
#1 /var/www/aal2/common/lib/yii/framework/base/CApplication.php(184): CWebApplication->processRequest()
#2 /var/www/aal2/frontend/www/index.php(12): CApplication->run()
#3 {main}
REQUEST_URI=/themes/bootstrap/css/bootstrap.min.cs
---
2015/04/15 17:08:44 [error] [exception.CHttpException.404] exception 'CHttpException' with message 'Unable to resolve the request "themes/bootstrap/css/bootstrap.min.css".' in /var/www/aal2/common/lib/yii/framework/web/CWebApplication.php:286
Stack trace:
#0 /var/www/aal2/common/lib/yii/framework/web/CWebApplication.php(141): CWebApplication->runController('themes/bootstra...')
#1 /var/www/aal2/common/lib/yii/framework/base/CApplication.php(184): CWebApplication->processRequest()
#2 /var/www/aal2/frontend/www/index.php(12): CApplication->run()
#3 {main}
REQUEST_URI=/themes/bootstrap/css/bootstrap.min.css
HTTP_REFERER=http://aal2/themes/bootstrap/css/bootstrap.min.cs
---
2015/04/15 17:09:01 [error] [exception.CHttpException.404] exception 'CHttpException' with message 'Unable to resolve the request "themes/bootstrap/css/bootstrap.min.css".' in /var/www/aal2/common/lib/yii/framework/web/CWebApplication.php:286
Stack trace:
#0 /var/www/aal2/common/lib/yii/framework/web/CWebApplication.php(141): CWebApplication->runController('themes/bootstra...')
#1 /var/www/aal2/common/lib/yii/framework/base/CApplication.php(184): CWebApplication->processRequest()
#2 /var/www/aal2/frontend/www/index.php(12): CApplication->run()
#3 {main}
REQUEST_URI=/themes/bootstrap/css/bootstrap.min.css
---
2015/04/15 17:09:01 [error] [exception.CHttpException.404] exception 'CHttpException' with message 'Unable to resolve the request "themes/bootstrap/css/bootstrap.min.css".' in /var/www/aal2/common/lib/yii/framework/web/CWebApplication.php:286
Stack trace:
#0 /var/www/aal2/common/lib/yii/framework/web/CWebApplication.php(141): CWebApplication->runController('themes/bootstra...')
#1 /var/www/aal2/common/lib/yii/framework/base/CApplication.php(184): CWebApplication->processRequest()
#2 /var/www/aal2/frontend/www/index.php(12): CApplication->run()
#3 {main}
REQUEST_URI=/themes/bootstrap/css/bootstrap.min.css
HTTP_REFERER=http://aal2/themes/bootstrap/css/bootstrap.min.css
---
2015/04/15 17:12:18 [error] [exception.CHttpException.404] exception 'CHttpException' with message 'Unable to resolve the request "frontend/themes/bootstrap/css/bootstrap.min.css".' in /var/www/aal2/common/lib/yii/framework/web/CWebApplication.php:286
Stack trace:
#0 /var/www/aal2/common/lib/yii/framework/web/CWebApplication.php(141): CWebApplication->runController('frontend/themes...')
#1 /var/www/aal2/common/lib/yii/framework/base/CApplication.php(184): CWebApplication->processRequest()
#2 /var/www/aal2/frontend/www/index.php(12): CApplication->run()
#3 {main}
REQUEST_URI=/frontend/themes/bootstrap/css/bootstrap.min.css
---
2015/04/15 17:12:18 [error] [exception.CHttpException.404] exception 'CHttpException' with message 'Unable to resolve the request "themes/bootstrap/css/bootstrap.min.css".' in /var/www/aal2/common/lib/yii/framework/web/CWebApplication.php:286
Stack trace:
#0 /var/www/aal2/common/lib/yii/framework/web/CWebApplication.php(141): CWebApplication->runController('themes/bootstra...')
#1 /var/www/aal2/common/lib/yii/framework/base/CApplication.php(184): CWebApplication->processRequest()
#2 /var/www/aal2/frontend/www/index.php(12): CApplication->run()
#3 {main}
REQUEST_URI=/themes/bootstrap/css/bootstrap.min.css
HTTP_REFERER=http://aal2/frontend/themes/bootstrap/css/bootstrap.min.css
---
2015/04/15 17:12:20 [error] [exception.CHttpException.404] exception 'CHttpException' with message 'Unable to resolve the request "themes/bootstrap/css/bootstrap.min.css".' in /var/www/aal2/common/lib/yii/framework/web/CWebApplication.php:286
Stack trace:
#0 /var/www/aal2/common/lib/yii/framework/web/CWebApplication.php(141): CWebApplication->runController('themes/bootstra...')
#1 /var/www/aal2/common/lib/yii/framework/base/CApplication.php(184): CWebApplication->processRequest()
#2 /var/www/aal2/frontend/www/index.php(12): CApplication->run()
#3 {main}
REQUEST_URI=/themes/bootstrap/css/bootstrap.min.css
HTTP_REFERER=http://aal2/
---
2015/04/15 17:12:22 [error] [exception.CHttpException.404] exception 'CHttpException' with message 'Unable to resolve the request "themes/bootstrap/css/bootstrap.min.css".' in /var/www/aal2/common/lib/yii/framework/web/CWebApplication.php:286
Stack trace:
#0 /var/www/aal2/common/lib/yii/framework/web/CWebApplication.php(141): CWebApplication->runController('themes/bootstra...')
#1 /var/www/aal2/common/lib/yii/framework/base/CApplication.php(184): CWebApplication->processRequest()
#2 /var/www/aal2/frontend/www/index.php(12): CApplication->run()
#3 {main}
REQUEST_URI=/themes/bootstrap/css/bootstrap.min.css
HTTP_REFERER=http://aal2/
---
2015/04/15 17:12:24 [error] [exception.CHttpException.404] exception 'CHttpException' with message 'Unable to resolve the request "themes/bootstrap/css/bootstrap.min.css".' in /var/www/aal2/common/lib/yii/framework/web/CWebApplication.php:286
Stack trace:
#0 /var/www/aal2/common/lib/yii/framework/web/CWebApplication.php(141): CWebApplication->runController('themes/bootstra...')
#1 /var/www/aal2/common/lib/yii/framework/base/CApplication.php(184): CWebApplication->processRequest()
#2 /var/www/aal2/frontend/www/index.php(12): CApplication->run()
#3 {main}
REQUEST_URI=/themes/bootstrap/css/bootstrap.min.css
HTTP_REFERER=http://aal2/
---
2015/04/15 17:46:08 [error] [exception.CException] exception 'CException' with message 'Property "SiteController.title" is not defined.' in /var/www/aal2/common/lib/yii/framework/base/CComponent.php:130
Stack trace:
#0 /var/www/aal2/frontend/views/site/registration.php(1): CComponent->__get('title')
#1 /var/www/aal2/common/lib/yii/framework/web/CBaseController.php(126): require('/var/www/aal2/f...')
#2 /var/www/aal2/common/lib/yii/framework/web/CBaseController.php(95): CBaseController->renderInternal('/var/www/aal2/f...', Array, true)
#3 /var/www/aal2/common/lib/yii/framework/web/CController.php(869): CBaseController->renderFile('/var/www/aal2/f...', Array, true)
#4 /var/www/aal2/common/lib/yii/framework/web/CController.php(782): CController->renderPartial('registration', Array, true)
#5 /var/www/aal2/frontend/controllers/SiteController.php(155): CController->render('registration', Array)
#6 /var/www/aal2/common/lib/yii/framework/web/actions/CInlineAction.php(49): SiteController->actionRegistration()
#7 /var/www/aal2/common/lib/yii/framework/web/CController.php(308): CInlineAction->runWithParams(Array)
#8 /var/www/aal2/common/lib/yii/framework/web/CController.php(286): CController->runAction(Object(CInlineAction))
#9 /var/www/aal2/common/lib/yii/framework/web/CController.php(265): CController->runActionWithFilters(Object(CInlineAction), Array)
#10 /var/www/aal2/common/lib/yii/framework/web/CWebApplication.php(282): CController->run('registration')
#11 /var/www/aal2/common/lib/yii/framework/web/CWebApplication.php(141): CWebApplication->runController('site/registrati...')
#12 /var/www/aal2/common/lib/yii/framework/base/CApplication.php(184): CWebApplication->processRequest()
#13 /var/www/aal2/frontend/www/index.php(12): CApplication->run()
#14 {main}
REQUEST_URI=/site/registration
---
2015/04/15 18:50:30 [error] [php] include(FrontendSiteController.php): failed to open stream: No such file or directory (/var/www/aal2/common/lib/yii/framework/YiiBase.php:432)
Stack trace:
#0 /var/www/aal2/api/controllers/SiteController.php(4): spl_autoload_call()
#1 /var/www/aal2/common/lib/yii/framework/web/CWebApplication.php(354): require()
#2 /var/www/aal2/common/lib/yii/framework/web/CWebApplication.php(276): ApiWebApplication->createController()
#3 /var/www/aal2/common/lib/yii/framework/web/CWebApplication.php(141): ApiWebApplication->runController()
#4 /var/www/aal2/common/lib/yii/framework/base/CApplication.php(184): ApiWebApplication->processRequest()
#5 /var/www/aal2/api/www/index.php(12): ApiWebApplication->run()
REQUEST_URI=/
in /var/www/aal2/api/controllers/SiteController.php (4)
in /var/www/aal2/api/www/index.php (12)
2015/04/15 18:50:30 [error] [exception.CHttpException.404] exception 'CHttpException' with message 'Unable to resolve the request "favicon.ico".' in /var/www/aal2/common/lib/yii/framework/web/CWebApplication.php:286
Stack trace:
#0 /var/www/aal2/common/lib/yii/framework/web/CWebApplication.php(141): CWebApplication->runController('favicon.ico')
#1 /var/www/aal2/common/lib/yii/framework/base/CApplication.php(184): CWebApplication->processRequest()
#2 /var/www/aal2/api/www/index.php(12): CApplication->run()
#3 {main}
REQUEST_URI=/favicon.ico
---
2015/04/15 18:50:35 [error] [php] include(FrontendSiteController.php): failed to open stream: No such file or directory (/var/www/aal2/common/lib/yii/framework/YiiBase.php:432)
Stack trace:
#0 /var/www/aal2/api/controllers/SiteController.php(4): spl_autoload_call()
#1 /var/www/aal2/common/lib/yii/framework/web/CWebApplication.php(354): require()
#2 /var/www/aal2/common/lib/yii/framework/web/CWebApplication.php(276): ApiWebApplication->createController()
#3 /var/www/aal2/common/lib/yii/framework/web/CWebApplication.php(141): ApiWebApplication->runController()
#4 /var/www/aal2/common/lib/yii/framework/base/CApplication.php(184): ApiWebApplication->processRequest()
#5 /var/www/aal2/api/www/index.php(12): ApiWebApplication->run()
REQUEST_URI=/
in /var/www/aal2/api/controllers/SiteController.php (4)
in /var/www/aal2/api/www/index.php (12)
2015/04/15 18:51:37 [error] [exception.CHttpException.404] exception 'CHttpException' with message 'Unable to resolve the request "232".' in /var/www/aal2/common/lib/yii/framework/web/CWebApplication.php:286
Stack trace:
#0 /var/www/aal2/common/lib/yii/framework/web/CWebApplication.php(141): CWebApplication->runController('232')
#1 /var/www/aal2/common/lib/yii/framework/base/CApplication.php(184): CWebApplication->processRequest()
#2 /var/www/aal2/api/www/index.php(12): CApplication->run()
#3 {main}
REQUEST_URI=/232
---
2015/04/15 18:51:44 [error] [exception.CHttpException.404] exception 'CHttpException' with message 'Unable to resolve the request "2323".' in /var/www/aal2/common/lib/yii/framework/web/CWebApplication.php:286
Stack trace:
#0 /var/www/aal2/common/lib/yii/framework/web/CWebApplication.php(141): CWebApplication->runController('2323')
#1 /var/www/aal2/common/lib/yii/framework/base/CApplication.php(184): CWebApplication->processRequest()
#2 /var/www/aal2/api/www/index.php(12): CApplication->run()
#3 {main}
REQUEST_URI=/2323/
---
